../rtl/riscv/riscv_pkg.sv
../rtl/riscv/riscv_core.sv
../rtl/riscv/misc/rl_ram_1r1w.sv
../rtl/riscv/misc/rl_ram_1r1w_generic.sv
../rtl/riscv/riscv_alu.sv
../rtl/riscv/riscv_lsu.sv
../rtl/riscv/riscv_bu.sv
../rtl/riscv/riscv_div.sv
../rtl/riscv/riscv_mul.sv
../rtl/riscv/riscv_rf.sv
../rtl/riscv/riscv_if.sv
../rtl/riscv/riscv_id.sv
../rtl/riscv/riscv_bp.sv
../rtl/riscv/riscv_ex.sv
../rtl/riscv/riscv_wb.sv
../rtl/riscv/riscv_mem.sv
../rtl/riscv/riscv_st.sv
../rtl/riscv/riscv_du.sv
../rtl/riscv/riscv_biu.sv
../rtl/riscv/riscv_top.sv
