$PRJ_PATH/rtl/riscv/riscv_pkg.sv
$PRJ_PATH/rtl/riscv/riscv_core.sv
$PRJ_PATH/rtl/riscv/misc/rl_ram_1r1w.sv
$PRJ_PATH/rtl/riscv/misc/rl_ram_1r1w_generic.sv
$PRJ_PATH/rtl/riscv/riscv_alu.sv
$PRJ_PATH/rtl/riscv/riscv_lsu.sv
$PRJ_PATH/rtl/riscv/riscv_bu.sv
$PRJ_PATH/rtl/riscv/riscv_div.sv
$PRJ_PATH/rtl/riscv/riscv_mul.sv
$PRJ_PATH/rtl/riscv/riscv_rf.sv
$PRJ_PATH/rtl/riscv/riscv_if.sv
$PRJ_PATH/rtl/riscv/riscv_id.sv
$PRJ_PATH/rtl/riscv/riscv_bp.sv
$PRJ_PATH/rtl/riscv/riscv_ex.sv
$PRJ_PATH/rtl/riscv/riscv_wb.sv
$PRJ_PATH/rtl/riscv/riscv_mem.sv
$PRJ_PATH/rtl/riscv/riscv_st.sv
$PRJ_PATH/rtl/riscv/riscv_du.sv
$PRJ_PATH/rtl/riscv/riscv_biu.sv
$PRJ_PATH/rtl/riscv/riscv_top.sv
$PRJ_PATH/rtl/sopc/apb_test_slave.v
$PRJ_PATH/rtl/sopc/apb_uart.v
$PRJ_PATH/rtl/sopc/ahb_slave_mux.v
$PRJ_PATH/rtl/sopc/apb_timer.v
$PRJ_PATH/rtl/sopc/ahb_ram.v
$PRJ_PATH/rtl/sopc/ahb_addr_decode.v
$PRJ_PATH/rtl/sopc/irq_sync.v
$PRJ_PATH/rtl/sopc/amba_ahb_m2s4.v
$PRJ_PATH/rtl/sopc/apb_slave_mux.v
$PRJ_PATH/rtl/sopc/rst_sync.v
$PRJ_PATH/rtl/sopc/ahb_to_apb.v
$PRJ_PATH/rtl/sopc/apb_subsystem.v
$PRJ_PATH/rtl/sopc/ahb_pio.v
$PRJ_PATH/rtl/sopc/riscv_sopc.v
